<?xml version="1.0" encoding="UTF-8"?>
<testsuite name="YSIT.YSit.service.AdminServiceTest" tests="3" skipped="0" failures="0" errors="0" timestamp="2023-01-05T16:59:12" hostname="DESKTOP-LFB9EBL" time="0.718">
  <properties/>
  <testcase name="findByLoginCode" classname="YSIT.YSit.service.AdminServiceTest" time="0.691"/>
  <testcase name="findByName" classname="YSIT.YSit.service.AdminServiceTest" time="0.015"/>
  <testcase name="save" classname="YSIT.YSit.service.AdminServiceTest" time="0.009"/>
  <system-out><![CDATA[01:59:07.362 [Test worker] DEBUG org.springframework.boot.test.context.SpringBootTestContextBootstrapper - Neither @ContextConfiguration nor @ContextHierarchy found for test class [AdminServiceTest]: using SpringBootContextLoader
01:59:07.366 [Test worker] DEBUG org.springframework.test.context.support.AbstractContextLoader - Could not detect default resource locations for test class [YSIT.YSit.service.AdminServiceTest]: no resource found for suffixes {-context.xml, Context.groovy}.
01:59:07.367 [Test worker] INFO org.springframework.test.context.support.AnnotationConfigContextLoaderUtils - Could not detect default configuration classes for test class [YSIT.YSit.service.AdminServiceTest]: AdminServiceTest does not declare any static, non-private, non-final, nested classes annotated with @Configuration.
01:59:07.392 [Test worker] DEBUG org.springframework.boot.test.context.SpringBootTestContextBootstrapper - Using ContextCustomizers for test class [AdminServiceTest]: [DisableObservabilityContextCustomizer, PropertyMappingContextCustomizer, Customizer, ExcludeFilterContextCustomizer, DuplicateJsonObjectContextCustomizer, MockitoContextCustomizer, TestRestTemplateContextCustomizer]
01:59:07.475 [Test worker] DEBUG org.springframework.context.annotation.ClassPathScanningCandidateComponentProvider - Identified candidate component class: file [C:\Users\Yang\Desktop\Code\Spring\YSit\build\classes\java\main\YSIT\YSit\YSitApplication.class]
01:59:07.476 [Test worker] INFO org.springframework.boot.test.context.SpringBootTestContextBootstrapper - Found @SpringBootConfiguration YSIT.YSit.YSitApplication for test class YSIT.YSit.service.AdminServiceTest
01:59:07.573 [Test worker] DEBUG org.springframework.boot.test.context.SpringBootTestContextBootstrapper - Using TestExecutionListeners for test class [AdminServiceTest]: [ServletTestExecutionListener, DirtiesContextBeforeModesTestExecutionListener, ApplicationEventsTestExecutionListener, MockitoTestExecutionListener, DependencyInjectionTestExecutionListener, DirtiesContextTestExecutionListener, TransactionalTestExecutionListener, SqlScriptsTestExecutionListener, EventPublishingTestExecutionListener, RestDocsTestExecutionListener, MockRestServiceServerResetTestExecutionListener, MockMvcPrintOnlyOnFailureTestExecutionListener, WebDriverTestExecutionListener, MockWebServiceServerTestExecutionListener, ResetMocksTestExecutionListener]
01:59:07.574 [Test worker] DEBUG org.springframework.test.annotation.ProfileValueUtils - Retrieved @ProfileValueSourceConfiguration [null] for test class [YSIT.YSit.service.AdminServiceTest]
01:59:07.575 [Test worker] DEBUG org.springframework.test.annotation.ProfileValueUtils - Retrieved ProfileValueSource type [class org.springframework.test.annotation.SystemProfileValueSource] for class [YSIT.YSit.service.AdminServiceTest]
01:59:07.577 [Test worker] DEBUG org.springframework.test.annotation.ProfileValueUtils - Retrieved @ProfileValueSourceConfiguration [null] for test class [YSIT.YSit.service.AdminServiceTest]
01:59:07.577 [Test worker] DEBUG org.springframework.test.annotation.ProfileValueUtils - Retrieved ProfileValueSource type [class org.springframework.test.annotation.SystemProfileValueSource] for class [YSIT.YSit.service.AdminServiceTest]
01:59:07.578 [Test worker] DEBUG org.springframework.test.annotation.ProfileValueUtils - Retrieved @ProfileValueSourceConfiguration [null] for test class [YSIT.YSit.service.AdminServiceTest]
01:59:07.578 [Test worker] DEBUG org.springframework.test.annotation.ProfileValueUtils - Retrieved ProfileValueSource type [class org.springframework.test.annotation.SystemProfileValueSource] for class [YSIT.YSit.service.AdminServiceTest]
01:59:07.578 [Test worker] DEBUG org.springframework.test.annotation.ProfileValueUtils - Retrieved @ProfileValueSourceConfiguration [null] for test class [YSIT.YSit.service.AdminServiceTest]
01:59:07.578 [Test worker] DEBUG org.springframework.test.annotation.ProfileValueUtils - Retrieved ProfileValueSource type [class org.springframework.test.annotation.SystemProfileValueSource] for class [YSIT.YSit.service.AdminServiceTest]
01:59:07.581 [Test worker] DEBUG org.springframework.test.context.support.AbstractDirtiesContextTestExecutionListener - Before test class: class [AdminServiceTest], class annotated with @DirtiesContext [false] with mode [null]
01:59:07.582 [Test worker] DEBUG org.springframework.test.annotation.ProfileValueUtils - Retrieved @ProfileValueSourceConfiguration [null] for test class [YSIT.YSit.service.AdminServiceTest]
01:59:07.583 [Test worker] DEBUG org.springframework.test.annotation.ProfileValueUtils - Retrieved ProfileValueSource type [class org.springframework.test.annotation.SystemProfileValueSource] for class [YSIT.YSit.service.AdminServiceTest]

  .   ____          _            __ _ _
 /\\ / ___'_ __ _ _(_)_ __  __ _ \ \ \ \
( ( )\___ | '_ | '_| | '_ \/ _` | \ \ \ \
 \\/  ___)| |_)| | | | | || (_| |  ) ) ) )
  '  |____| .__|_| |_|_| |_\__, | / / / /
 =========|_|==============|___/=/_/_/_/
 :: Spring Boot ::                (v3.0.0)

2023-01-06T01:59:07.822+09:00  INFO 19576 --- [    Test worker] YSIT.YSit.service.AdminServiceTest       : Starting AdminServiceTest using Java 19.0.1 with PID 19576 (started by Yang in C:\Users\Yang\Desktop\Code\Spring\YSit)
2023-01-06T01:59:07.823+09:00  INFO 19576 --- [    Test worker] YSIT.YSit.service.AdminServiceTest       : No active profile set, falling back to 1 default profile: "default"
2023-01-06T01:59:08.604+09:00  INFO 19576 --- [    Test worker] .s.d.r.c.RepositoryConfigurationDelegate : Bootstrapping Spring Data JPA repositories in DEFAULT mode.
2023-01-06T01:59:08.634+09:00  INFO 19576 --- [    Test worker] .s.d.r.c.RepositoryConfigurationDelegate : Finished Spring Data repository scanning in 21 ms. Found 0 JPA repository interfaces.
2023-01-06T01:59:09.042+09:00  INFO 19576 --- [    Test worker] o.hibernate.jpa.internal.util.LogHelper  : HHH000204: Processing PersistenceUnitInfo [name: default]
2023-01-06T01:59:09.090+09:00  INFO 19576 --- [    Test worker] org.hibernate.Version                    : HHH000412: Hibernate ORM core version 6.1.5.Final
2023-01-06T01:59:09.229+09:00  WARN 19576 --- [    Test worker] org.hibernate.orm.deprecation            : HHH90000021: Encountered deprecated setting [javax.persistence.sharedCache.mode], use [jakarta.persistence.sharedCache.mode] instead
2023-01-06T01:59:09.345+09:00  INFO 19576 --- [    Test worker] com.zaxxer.hikari.HikariDataSource       : HikariPool-1 - Starting...
2023-01-06T01:59:09.678+09:00  INFO 19576 --- [    Test worker] com.zaxxer.hikari.pool.HikariPool        : HikariPool-1 - Added connection com.mysql.cj.jdbc.ConnectionImpl@6684f7f2
2023-01-06T01:59:09.680+09:00  INFO 19576 --- [    Test worker] com.zaxxer.hikari.HikariDataSource       : HikariPool-1 - Start completed.
2023-01-06T01:59:09.699+09:00  INFO 19576 --- [    Test worker] SQL dialect                              : HHH000400: Using dialect: org.hibernate.dialect.MySQL8Dialect
2023-01-06T01:59:09.699+09:00  WARN 19576 --- [    Test worker] org.hibernate.orm.deprecation            : HHH90000026: MySQL8Dialect has been deprecated; use org.hibernate.dialect.MySQLDialect instead
2023-01-06T01:59:10.530+09:00 DEBUG 19576 --- [    Test worker] org.hibernate.SQL                        : 
    
    alter table after_class 
       drop 
       foreign key FKfwrmsm98t3k10klljl0j6uxcx
Hibernate: 
    
    alter table after_class 
       drop 
       foreign key FKfwrmsm98t3k10klljl0j6uxcx
2023-01-06T01:59:10.556+09:00 DEBUG 19576 --- [    Test worker] org.hibernate.SQL                        : 
    
    alter table after_class_student 
       drop 
       foreign key FK1gwfwmnfgwkr47l4egfr6q79o
Hibernate: 
    
    alter table after_class_student 
       drop 
       foreign key FK1gwfwmnfgwkr47l4egfr6q79o
2023-01-06T01:59:10.564+09:00 DEBUG 19576 --- [    Test worker] org.hibernate.SQL                        : 
    
    alter table after_class_student 
       drop 
       foreign key FK8dd2poqtcbkkfrntf7dntwc9l
Hibernate: 
    
    alter table after_class_student 
       drop 
       foreign key FK8dd2poqtcbkkfrntf7dntwc9l
2023-01-06T01:59:10.571+09:00 DEBUG 19576 --- [    Test worker] org.hibernate.SQL                        : 
    
    alter table article 
       drop 
       foreign key FK15yy37u1qw43hjduyhs3bgomr
Hibernate: 
    
    alter table article 
       drop 
       foreign key FK15yy37u1qw43hjduyhs3bgomr
2023-01-06T01:59:10.582+09:00 DEBUG 19576 --- [    Test worker] org.hibernate.SQL                        : 
    
    alter table comment 
       drop 
       foreign key FKhae8pnorx05u8ghul0ict4lhq
Hibernate: 
    
    alter table comment 
       drop 
       foreign key FKhae8pnorx05u8ghul0ict4lhq
2023-01-06T01:59:10.596+09:00 DEBUG 19576 --- [    Test worker] org.hibernate.SQL                        : 
    
    alter table comment 
       drop 
       foreign key FKgfcxlc2bfa7tf3bw3qoqgumy5
Hibernate: 
    
    alter table comment 
       drop 
       foreign key FKgfcxlc2bfa7tf3bw3qoqgumy5
2023-01-06T01:59:10.604+09:00 DEBUG 19576 --- [    Test worker] org.hibernate.SQL                        : 
    
    alter table counsel 
       drop 
       foreign key FKgcq8fe572chlk69dg5htxgp4a
Hibernate: 
    
    alter table counsel 
       drop 
       foreign key FKgcq8fe572chlk69dg5htxgp4a
2023-01-06T01:59:10.610+09:00 DEBUG 19576 --- [    Test worker] org.hibernate.SQL                        : 
    
    alter table rental_video_tool 
       drop 
       foreign key FKs1c0h3rp92oyjh9mc41lkm3ph
Hibernate: 
    
    alter table rental_video_tool 
       drop 
       foreign key FKs1c0h3rp92oyjh9mc41lkm3ph
2023-01-06T01:59:10.617+09:00 DEBUG 19576 --- [    Test worker] org.hibernate.SQL                        : 
    
    alter table rental_video_tool 
       drop 
       foreign key FKhg4d6sxud4anbbd1p47qd47xx
Hibernate: 
    
    alter table rental_video_tool 
       drop 
       foreign key FKhg4d6sxud4anbbd1p47qd47xx
2023-01-06T01:59:10.625+09:00 DEBUG 19576 --- [    Test worker] org.hibernate.SQL                        : 
    
    alter table video_tool 
       drop 
       foreign key FK4n1mav9vu8evxkheewacujoh5
Hibernate: 
    
    alter table video_tool 
       drop 
       foreign key FK4n1mav9vu8evxkheewacujoh5
2023-01-06T01:59:10.632+09:00 DEBUG 19576 --- [    Test worker] org.hibernate.SQL                        : 
    
    drop table if exists admins
Hibernate: 
    
    drop table if exists admins
2023-01-06T01:59:10.638+09:00 DEBUG 19576 --- [    Test worker] org.hibernate.SQL                        : 
    
    drop table if exists admins_seq
Hibernate: 
    
    drop table if exists admins_seq
2023-01-06T01:59:10.643+09:00 DEBUG 19576 --- [    Test worker] org.hibernate.SQL                        : 
    
    drop table if exists after_class_seq
Hibernate: 
    
    drop table if exists after_class_seq
2023-01-06T01:59:10.652+09:00 DEBUG 19576 --- [    Test worker] org.hibernate.SQL                        : 
    
    drop table if exists after_class_student_seq
Hibernate: 
    
    drop table if exists after_class_student_seq
2023-01-06T01:59:10.657+09:00 DEBUG 19576 --- [    Test worker] org.hibernate.SQL                        : 
    
    drop table if exists after_class
Hibernate: 
    
    drop table if exists after_class
2023-01-06T01:59:10.662+09:00 DEBUG 19576 --- [    Test worker] org.hibernate.SQL                        : 
    
    drop table if exists after_class_student
Hibernate: 
    
    drop table if exists after_class_student
2023-01-06T01:59:10.667+09:00 DEBUG 19576 --- [    Test worker] org.hibernate.SQL                        : 
    
    drop table if exists article
Hibernate: 
    
    drop table if exists article
2023-01-06T01:59:10.672+09:00 DEBUG 19576 --- [    Test worker] org.hibernate.SQL                        : 
    
    drop table if exists article_seq
Hibernate: 
    
    drop table if exists article_seq
2023-01-06T01:59:10.676+09:00 DEBUG 19576 --- [    Test worker] org.hibernate.SQL                        : 
    
    drop table if exists comment
Hibernate: 
    
    drop table if exists comment
2023-01-06T01:59:10.681+09:00 DEBUG 19576 --- [    Test worker] org.hibernate.SQL                        : 
    
    drop table if exists comment_seq
Hibernate: 
    
    drop table if exists comment_seq
2023-01-06T01:59:10.687+09:00 DEBUG 19576 --- [    Test worker] org.hibernate.SQL                        : 
    
    drop table if exists counsel
Hibernate: 
    
    drop table if exists counsel
2023-01-06T01:59:10.692+09:00 DEBUG 19576 --- [    Test worker] org.hibernate.SQL                        : 
    
    drop table if exists counsel_seq
Hibernate: 
    
    drop table if exists counsel_seq
2023-01-06T01:59:10.700+09:00 DEBUG 19576 --- [    Test worker] org.hibernate.SQL                        : 
    
    drop table if exists rental_video_tool_seq
Hibernate: 
    
    drop table if exists rental_video_tool_seq
2023-01-06T01:59:10.707+09:00 DEBUG 19576 --- [    Test worker] org.hibernate.SQL                        : 
    
    drop table if exists rental_video_tool
Hibernate: 
    
    drop table if exists rental_video_tool
2023-01-06T01:59:10.713+09:00 DEBUG 19576 --- [    Test worker] org.hibernate.SQL                        : 
    
    drop table if exists users
Hibernate: 
    
    drop table if exists users
2023-01-06T01:59:10.723+09:00 DEBUG 19576 --- [    Test worker] org.hibernate.SQL                        : 
    
    drop table if exists users_seq
Hibernate: 
    
    drop table if exists users_seq
2023-01-06T01:59:10.728+09:00 DEBUG 19576 --- [    Test worker] org.hibernate.SQL                        : 
    
    drop table if exists video_tool_seq
Hibernate: 
    
    drop table if exists video_tool_seq
2023-01-06T01:59:10.734+09:00 DEBUG 19576 --- [    Test worker] org.hibernate.SQL                        : 
    
    drop table if exists video_tool
Hibernate: 
    
    drop table if exists video_tool
2023-01-06T01:59:10.743+09:00 DEBUG 19576 --- [    Test worker] org.hibernate.SQL                        : 
    
    create table admins (
       admin_id bigint not null,
        login_code varchar(255),
        name varchar(255),
        reg_date datetime(6),
        primary key (admin_id)
    ) engine=InnoDB
Hibernate: 
    
    create table admins (
       admin_id bigint not null,
        login_code varchar(255),
        name varchar(255),
        reg_date datetime(6),
        primary key (admin_id)
    ) engine=InnoDB
2023-01-06T01:59:10.754+09:00 DEBUG 19576 --- [    Test worker] org.hibernate.SQL                        : 
    
    create table admins_seq (
       next_val bigint
    ) engine=InnoDB
Hibernate: 
    
    create table admins_seq (
       next_val bigint
    ) engine=InnoDB
2023-01-06T01:59:10.768+09:00 DEBUG 19576 --- [    Test worker] org.hibernate.SQL                        : 
    
    insert into admins_seq values ( 1 )
Hibernate: 
    
    insert into admins_seq values ( 1 )
2023-01-06T01:59:10.772+09:00 DEBUG 19576 --- [    Test worker] org.hibernate.SQL                        : 
    
    create table after_class_seq (
       next_val bigint
    ) engine=InnoDB
Hibernate: 
    
    create table after_class_seq (
       next_val bigint
    ) engine=InnoDB
2023-01-06T01:59:10.781+09:00 DEBUG 19576 --- [    Test worker] org.hibernate.SQL                        : 
    
    insert into after_class_seq values ( 1 )
Hibernate: 
    
    insert into after_class_seq values ( 1 )
2023-01-06T01:59:10.785+09:00 DEBUG 19576 --- [    Test worker] org.hibernate.SQL                        : 
    
    create table after_class_student_seq (
       next_val bigint
    ) engine=InnoDB
Hibernate: 
    
    create table after_class_student_seq (
       next_val bigint
    ) engine=InnoDB
2023-01-06T01:59:10.794+09:00 DEBUG 19576 --- [    Test worker] org.hibernate.SQL                        : 
    
    insert into after_class_student_seq values ( 1 )
Hibernate: 
    
    insert into after_class_student_seq values ( 1 )
2023-01-06T01:59:10.799+09:00 DEBUG 19576 --- [    Test worker] org.hibernate.SQL                        : 
    
    create table after_class (
       afterclass_id bigint not null,
        ac_name varchar(255),
        reg_date datetime(6),
        ac_status varchar(255),
        admin_id bigint,
        primary key (afterclass_id)
    ) engine=InnoDB
Hibernate: 
    
    create table after_class (
       afterclass_id bigint not null,
        ac_name varchar(255),
        reg_date datetime(6),
        ac_status varchar(255),
        admin_id bigint,
        primary key (afterclass_id)
    ) engine=InnoDB
2023-01-06T01:59:10.813+09:00 DEBUG 19576 --- [    Test worker] org.hibernate.SQL                        : 
    
    create table after_class_student (
       afterclass_student_id bigint not null,
        end_time varchar(255),
        reg_date datetime(6),
        start_time varchar(255),
        afterclass_id bigint,
        user_id bigint,
        primary key (afterclass_student_id)
    ) engine=InnoDB
Hibernate: 
    
    create table after_class_student (
       afterclass_student_id bigint not null,
        end_time varchar(255),
        reg_date datetime(6),
        start_time varchar(255),
        afterclass_id bigint,
        user_id bigint,
        primary key (afterclass_student_id)
    ) engine=InnoDB
2023-01-06T01:59:10.827+09:00 DEBUG 19576 --- [    Test worker] org.hibernate.SQL                        : 
    
    create table article (
       article_id bigint not null,
        body varchar(255),
        category varchar(255),
        reg_date datetime(6),
        status varchar(255),
        title varchar(255),
        write_user varchar(255),
        user_id bigint,
        primary key (article_id)
    ) engine=InnoDB
Hibernate: 
    
    create table article (
       article_id bigint not null,
        body varchar(255),
        category varchar(255),
        reg_date datetime(6),
        status varchar(255),
        title varchar(255),
        write_user varchar(255),
        user_id bigint,
        primary key (article_id)
    ) engine=InnoDB
2023-01-06T01:59:10.837+09:00 DEBUG 19576 --- [    Test worker] org.hibernate.SQL                        : 
    
    create table article_seq (
       next_val bigint
    ) engine=InnoDB
Hibernate: 
    
    create table article_seq (
       next_val bigint
    ) engine=InnoDB
2023-01-06T01:59:10.846+09:00 DEBUG 19576 --- [    Test worker] org.hibernate.SQL                        : 
    
    insert into article_seq values ( 1 )
Hibernate: 
    
    insert into article_seq values ( 1 )
2023-01-06T01:59:10.849+09:00 DEBUG 19576 --- [    Test worker] org.hibernate.SQL                        : 
    
    create table comment (
       id bigint not null,
        article_id bigint,
        body varchar(255),
        parent_id bigint,
        ref bigint,
        ref_order bigint,
        reg_date datetime(6),
        step bigint,
        write_user varchar(255),
        article_article_id bigint,
        user_user_id bigint,
        primary key (id)
    ) engine=InnoDB
Hibernate: 
    
    create table comment (
       id bigint not null,
        article_id bigint,
        body varchar(255),
        parent_id bigint,
        ref bigint,
        ref_order bigint,
        reg_date datetime(6),
        step bigint,
        write_user varchar(255),
        article_article_id bigint,
        user_user_id bigint,
        primary key (id)
    ) engine=InnoDB
2023-01-06T01:59:10.860+09:00 DEBUG 19576 --- [    Test worker] org.hibernate.SQL                        : 
    
    create table comment_seq (
       next_val bigint
    ) engine=InnoDB
Hibernate: 
    
    create table comment_seq (
       next_val bigint
    ) engine=InnoDB
2023-01-06T01:59:10.870+09:00 DEBUG 19576 --- [    Test worker] org.hibernate.SQL                        : 
    
    insert into comment_seq values ( 1 )
Hibernate: 
    
    insert into comment_seq values ( 1 )
2023-01-06T01:59:10.874+09:00 DEBUG 19576 --- [    Test worker] org.hibernate.SQL                        : 
    
    create table counsel (
       counsel_id bigint not null,
        counsel_date datetime(6),
        student_id bigint,
        primary key (counsel_id)
    ) engine=InnoDB
Hibernate: 
    
    create table counsel (
       counsel_id bigint not null,
        counsel_date datetime(6),
        student_id bigint,
        primary key (counsel_id)
    ) engine=InnoDB
2023-01-06T01:59:10.884+09:00 DEBUG 19576 --- [    Test worker] org.hibernate.SQL                        : 
    
    create table counsel_seq (
       next_val bigint
    ) engine=InnoDB
Hibernate: 
    
    create table counsel_seq (
       next_val bigint
    ) engine=InnoDB
2023-01-06T01:59:10.899+09:00 DEBUG 19576 --- [    Test worker] org.hibernate.SQL                        : 
    
    insert into counsel_seq values ( 1 )
Hibernate: 
    
    insert into counsel_seq values ( 1 )
2023-01-06T01:59:10.902+09:00 DEBUG 19576 --- [    Test worker] org.hibernate.SQL                        : 
    
    create table rental_video_tool_seq (
       next_val bigint
    ) engine=InnoDB
Hibernate: 
    
    create table rental_video_tool_seq (
       next_val bigint
    ) engine=InnoDB
2023-01-06T01:59:10.911+09:00 DEBUG 19576 --- [    Test worker] org.hibernate.SQL                        : 
    
    insert into rental_video_tool_seq values ( 1 )
Hibernate: 
    
    insert into rental_video_tool_seq values ( 1 )
2023-01-06T01:59:10.914+09:00 DEBUG 19576 --- [    Test worker] org.hibernate.SQL                        : 
    
    create table rental_video_tool (
       rental_vt_id bigint not null,
        app_status varchar(255),
        reason varchar(255),
        ref bigint,
        reg_date datetime(6),
        rental_date datetime(6),
        return_date datetime(6),
        student_id bigint,
        video_tool_id bigint,
        primary key (rental_vt_id)
    ) engine=InnoDB
Hibernate: 
    
    create table rental_video_tool (
       rental_vt_id bigint not null,
        app_status varchar(255),
        reason varchar(255),
        ref bigint,
        reg_date datetime(6),
        rental_date datetime(6),
        return_date datetime(6),
        student_id bigint,
        video_tool_id bigint,
        primary key (rental_vt_id)
    ) engine=InnoDB
2023-01-06T01:59:10.924+09:00 DEBUG 19576 --- [    Test worker] org.hibernate.SQL                        : 
    
    create table users (
       user_id bigint not null,
        login_id varchar(255),
        login_pw varchar(65),
        name varchar(255),
        reg_date datetime(6),
        school_category varchar(255),
        primary key (user_id)
    ) engine=InnoDB
Hibernate: 
    
    create table users (
       user_id bigint not null,
        login_id varchar(255),
        login_pw varchar(65),
        name varchar(255),
        reg_date datetime(6),
        school_category varchar(255),
        primary key (user_id)
    ) engine=InnoDB
2023-01-06T01:59:10.933+09:00 DEBUG 19576 --- [    Test worker] org.hibernate.SQL                        : 
    
    create table users_seq (
       next_val bigint
    ) engine=InnoDB
Hibernate: 
    
    create table users_seq (
       next_val bigint
    ) engine=InnoDB
2023-01-06T01:59:10.942+09:00 DEBUG 19576 --- [    Test worker] org.hibernate.SQL                        : 
    
    insert into users_seq values ( 1 )
Hibernate: 
    
    insert into users_seq values ( 1 )
2023-01-06T01:59:10.945+09:00 DEBUG 19576 --- [    Test worker] org.hibernate.SQL                        : 
    
    create table video_tool_seq (
       next_val bigint
    ) engine=InnoDB
Hibernate: 
    
    create table video_tool_seq (
       next_val bigint
    ) engine=InnoDB
2023-01-06T01:59:10.959+09:00 DEBUG 19576 --- [    Test worker] org.hibernate.SQL                        : 
    
    insert into video_tool_seq values ( 1 )
Hibernate: 
    
    insert into video_tool_seq values ( 1 )
2023-01-06T01:59:10.962+09:00 DEBUG 19576 --- [    Test worker] org.hibernate.SQL                        : 
    
    create table video_tool (
       video_tool_id bigint not null,
        max_quantity integer not null,
        name varchar(255),
        quantity integer not null,
        reg_date datetime(6),
        admin_id bigint,
        primary key (video_tool_id)
    ) engine=InnoDB
Hibernate: 
    
    create table video_tool (
       video_tool_id bigint not null,
        max_quantity integer not null,
        name varchar(255),
        quantity integer not null,
        reg_date datetime(6),
        admin_id bigint,
        primary key (video_tool_id)
    ) engine=InnoDB
2023-01-06T01:59:10.970+09:00 DEBUG 19576 --- [    Test worker] org.hibernate.SQL                        : 
    
    alter table admins 
       add constraint UK_j0jcn1ohhsbex1n4q3d3wcyk5 unique (login_code)
Hibernate: 
    
    alter table admins 
       add constraint UK_j0jcn1ohhsbex1n4q3d3wcyk5 unique (login_code)
2023-01-06T01:59:10.980+09:00 DEBUG 19576 --- [    Test worker] org.hibernate.SQL                        : 
    
    alter table users 
       add constraint UK_i3xs7wmfu2i3jt079uuetycit unique (login_id)
Hibernate: 
    
    alter table users 
       add constraint UK_i3xs7wmfu2i3jt079uuetycit unique (login_id)
2023-01-06T01:59:10.988+09:00 DEBUG 19576 --- [    Test worker] org.hibernate.SQL                        : 
    
    alter table video_tool 
       add constraint UK_sfbtdvtoo942uknsy40ofnry7 unique (name)
Hibernate: 
    
    alter table video_tool 
       add constraint UK_sfbtdvtoo942uknsy40ofnry7 unique (name)
2023-01-06T01:59:10.997+09:00 DEBUG 19576 --- [    Test worker] org.hibernate.SQL                        : 
    
    alter table after_class 
       add constraint FKfwrmsm98t3k10klljl0j6uxcx 
       foreign key (admin_id) 
       references admins (admin_id)
Hibernate: 
    
    alter table after_class 
       add constraint FKfwrmsm98t3k10klljl0j6uxcx 
       foreign key (admin_id) 
       references admins (admin_id)
2023-01-06T01:59:11.027+09:00 DEBUG 19576 --- [    Test worker] org.hibernate.SQL                        : 
    
    alter table after_class_student 
       add constraint FK1gwfwmnfgwkr47l4egfr6q79o 
       foreign key (afterclass_id) 
       references after_class (afterclass_id)
Hibernate: 
    
    alter table after_class_student 
       add constraint FK1gwfwmnfgwkr47l4egfr6q79o 
       foreign key (afterclass_id) 
       references after_class (afterclass_id)
2023-01-06T01:59:11.062+09:00 DEBUG 19576 --- [    Test worker] org.hibernate.SQL                        : 
    
    alter table after_class_student 
       add constraint FK8dd2poqtcbkkfrntf7dntwc9l 
       foreign key (user_id) 
       references users (user_id)
Hibernate: 
    
    alter table after_class_student 
       add constraint FK8dd2poqtcbkkfrntf7dntwc9l 
       foreign key (user_id) 
       references users (user_id)
2023-01-06T01:59:11.094+09:00 DEBUG 19576 --- [    Test worker] org.hibernate.SQL                        : 
    
    alter table article 
       add constraint FK15yy37u1qw43hjduyhs3bgomr 
       foreign key (user_id) 
       references users (user_id)
Hibernate: 
    
    alter table article 
       add constraint FK15yy37u1qw43hjduyhs3bgomr 
       foreign key (user_id) 
       references users (user_id)
2023-01-06T01:59:11.127+09:00 DEBUG 19576 --- [    Test worker] org.hibernate.SQL                        : 
    
    alter table comment 
       add constraint FKhae8pnorx05u8ghul0ict4lhq 
       foreign key (article_article_id) 
       references article (article_id)
Hibernate: 
    
    alter table comment 
       add constraint FKhae8pnorx05u8ghul0ict4lhq 
       foreign key (article_article_id) 
       references article (article_id)
2023-01-06T01:59:11.152+09:00 DEBUG 19576 --- [    Test worker] org.hibernate.SQL                        : 
    
    alter table comment 
       add constraint FKgfcxlc2bfa7tf3bw3qoqgumy5 
       foreign key (user_user_id) 
       references users (user_id)
Hibernate: 
    
    alter table comment 
       add constraint FKgfcxlc2bfa7tf3bw3qoqgumy5 
       foreign key (user_user_id) 
       references users (user_id)
2023-01-06T01:59:11.211+09:00 DEBUG 19576 --- [    Test worker] org.hibernate.SQL                        : 
    
    alter table counsel 
       add constraint FKgcq8fe572chlk69dg5htxgp4a 
       foreign key (student_id) 
       references users (user_id)
Hibernate: 
    
    alter table counsel 
       add constraint FKgcq8fe572chlk69dg5htxgp4a 
       foreign key (student_id) 
       references users (user_id)
2023-01-06T01:59:11.245+09:00 DEBUG 19576 --- [    Test worker] org.hibernate.SQL                        : 
    
    alter table rental_video_tool 
       add constraint FKs1c0h3rp92oyjh9mc41lkm3ph 
       foreign key (student_id) 
       references users (user_id)
Hibernate: 
    
    alter table rental_video_tool 
       add constraint FKs1c0h3rp92oyjh9mc41lkm3ph 
       foreign key (student_id) 
       references users (user_id)
2023-01-06T01:59:11.277+09:00 DEBUG 19576 --- [    Test worker] org.hibernate.SQL                        : 
    
    alter table rental_video_tool 
       add constraint FKhg4d6sxud4anbbd1p47qd47xx 
       foreign key (video_tool_id) 
       references video_tool (video_tool_id)
Hibernate: 
    
    alter table rental_video_tool 
       add constraint FKhg4d6sxud4anbbd1p47qd47xx 
       foreign key (video_tool_id) 
       references video_tool (video_tool_id)
2023-01-06T01:59:11.310+09:00 DEBUG 19576 --- [    Test worker] org.hibernate.SQL                        : 
    
    alter table video_tool 
       add constraint FK4n1mav9vu8evxkheewacujoh5 
       foreign key (admin_id) 
       references admins (admin_id)
Hibernate: 
    
    alter table video_tool 
       add constraint FK4n1mav9vu8evxkheewacujoh5 
       foreign key (admin_id) 
       references admins (admin_id)
2023-01-06T01:59:11.338+09:00  INFO 19576 --- [    Test worker] o.h.e.t.j.p.i.JtaPlatformInitiator       : HHH000490: Using JtaPlatform implementation: [org.hibernate.engine.transaction.jta.platform.internal.NoJtaPlatform]
2023-01-06T01:59:11.346+09:00  INFO 19576 --- [    Test worker] j.LocalContainerEntityManagerFactoryBean : Initialized JPA EntityManagerFactory for persistence unit 'default'
2023-01-06T01:59:11.691+09:00  WARN 19576 --- [    Test worker] JpaBaseConfiguration$JpaWebConfiguration : spring.jpa.open-in-view is enabled by default. Therefore, database queries may be performed during view rendering. Explicitly configure spring.jpa.open-in-view to disable this warning
2023-01-06T01:59:11.932+09:00  INFO 19576 --- [    Test worker] o.s.b.a.w.s.WelcomePageHandlerMapping    : Adding welcome page: class path resource [static/index.html]
2023-01-06T01:59:12.205+09:00  INFO 19576 --- [    Test worker] YSIT.YSit.service.AdminServiceTest       : Started AdminServiceTest in 4.584 seconds (process running for 5.65)
2023-01-06T01:59:12.530+09:00 DEBUG 19576 --- [    Test worker] org.hibernate.SQL                        : 
    select
        next_val as id_val 
    from
        admins_seq for update
Hibernate: 
    select
        next_val as id_val 
    from
        admins_seq for update
2023-01-06T01:59:12.554+09:00 DEBUG 19576 --- [    Test worker] org.hibernate.SQL                        : 
    update
        admins_seq 
    set
        next_val= ? 
    where
        next_val=?
Hibernate: 
    update
        admins_seq 
    set
        next_val= ? 
    where
        next_val=?
2023-01-06T01:59:12.904+09:00 DEBUG 19576 --- [    Test worker] org.hibernate.SQL                        : 
    insert 
    into
        admins
        (login_code, name, reg_date, admin_id) 
    values
        (?, ?, ?, ?)
Hibernate: 
    insert 
    into
        admins
        (login_code, name, reg_date, admin_id) 
    values
        (?, ?, ?, ?)
2023-01-06T01:59:12.938+09:00 DEBUG 19576 --- [    Test worker] org.hibernate.SQL                        : 
    select
        a1_0.admin_id,
        a1_0.login_code,
        a1_0.name,
        a1_0.reg_date 
    from
        admins a1_0 
    where
        a1_0.login_code=?
Hibernate: 
    select
        a1_0.admin_id,
        a1_0.login_code,
        a1_0.name,
        a1_0.reg_date 
    from
        admins a1_0 
    where
        a1_0.login_code=?
2023-01-06T01:59:12.961+09:00 DEBUG 19576 --- [    Test worker] org.hibernate.SQL                        : 
    select
        next_val as id_val 
    from
        admins_seq for update
Hibernate: 
    select
        next_val as id_val 
    from
        admins_seq for update
2023-01-06T01:59:12.962+09:00 DEBUG 19576 --- [    Test worker] org.hibernate.SQL                        : 
    update
        admins_seq 
    set
        next_val= ? 
    where
        next_val=?
Hibernate: 
    update
        admins_seq 
    set
        next_val= ? 
    where
        next_val=?
2023-01-06T01:59:12.966+09:00 DEBUG 19576 --- [    Test worker] org.hibernate.SQL                        : 
    insert 
    into
        admins
        (login_code, name, reg_date, admin_id) 
    values
        (?, ?, ?, ?)
Hibernate: 
    insert 
    into
        admins
        (login_code, name, reg_date, admin_id) 
    values
        (?, ?, ?, ?)
2023-01-06T01:59:12.968+09:00 DEBUG 19576 --- [    Test worker] org.hibernate.SQL                        : 
    select
        a1_0.admin_id,
        a1_0.login_code,
        a1_0.name,
        a1_0.reg_date 
    from
        admins a1_0 
    where
        a1_0.login_code=?
Hibernate: 
    select
        a1_0.admin_id,
        a1_0.login_code,
        a1_0.name,
        a1_0.reg_date 
    from
        admins a1_0 
    where
        a1_0.login_code=?
]]></system-out>
  <system-err><![CDATA[]]></system-err>
</testsuite>
