<?xml version="1.0" encoding="UTF-8"?>
<testsuite name="YSIT.YSit.service.CommentServiceTest" tests="4" skipped="0" failures="0" errors="0" timestamp="2023-01-05T16:59:13" hostname="DESKTOP-LFB9EBL" time="0.08">
  <properties/>
  <testcase name="saveTest" classname="YSIT.YSit.service.CommentServiceTest" time="0.016"/>
  <testcase name="findByArtTest" classname="YSIT.YSit.service.CommentServiceTest" time="0.025"/>
  <testcase name="deleteComment" classname="YSIT.YSit.service.CommentServiceTest" time="0.017"/>
  <testcase name="getMaxRefTest" classname="YSIT.YSit.service.CommentServiceTest" time="0.019"/>
  <system-out><![CDATA[2023-01-06T01:59:13.111+09:00  INFO 19576 --- [    Test worker] t.c.s.AnnotationConfigContextLoaderUtils : Could not detect default configuration classes for test class [YSIT.YSit.service.CommentServiceTest]: CommentServiceTest does not declare any static, non-private, non-final, nested classes annotated with @Configuration.
2023-01-06T01:59:13.112+09:00  INFO 19576 --- [    Test worker] .b.t.c.SpringBootTestContextBootstrapper : Found @SpringBootConfiguration YSIT.YSit.YSitApplication for test class YSIT.YSit.service.CommentServiceTest
2023-01-06T01:59:13.118+09:00 DEBUG 19576 --- [    Test worker] org.hibernate.SQL                        : 
    select
        u1_0.user_id,
        u1_0.login_id,
        u1_0.login_pw,
        u1_0.name,
        u1_0.reg_date,
        u1_0.school_category 
    from
        users u1_0 
    where
        u1_0.login_id=?
Hibernate: 
    select
        u1_0.user_id,
        u1_0.login_id,
        u1_0.login_pw,
        u1_0.name,
        u1_0.reg_date,
        u1_0.school_category 
    from
        users u1_0 
    where
        u1_0.login_id=?
2023-01-06T01:59:13.120+09:00 DEBUG 19576 --- [    Test worker] org.hibernate.SQL                        : 
    select
        a1_0.article_id,
        a1_0.body,
        a1_0.category,
        a1_0.reg_date,
        a1_0.status,
        a1_0.title,
        a1_0.user_id,
        a1_0.write_user 
    from
        article a1_0 
    where
        a1_0.title like ? 
    order by
        a1_0.article_id desc
Hibernate: 
    select
        a1_0.article_id,
        a1_0.body,
        a1_0.category,
        a1_0.reg_date,
        a1_0.status,
        a1_0.title,
        a1_0.user_id,
        a1_0.write_user 
    from
        article a1_0 
    where
        a1_0.title like ? 
    order by
        a1_0.article_id desc
2023-01-06T01:59:13.122+09:00 DEBUG 19576 --- [    Test worker] org.hibernate.SQL                        : 
    select
        next_val as id_val 
    from
        comment_seq for update
Hibernate: 
    select
        next_val as id_val 
    from
        comment_seq for update
2023-01-06T01:59:13.125+09:00 DEBUG 19576 --- [    Test worker] org.hibernate.SQL                        : 
    update
        comment_seq 
    set
        next_val= ? 
    where
        next_val=?
Hibernate: 
    update
        comment_seq 
    set
        next_val= ? 
    where
        next_val=?
2023-01-06T01:59:13.135+09:00 DEBUG 19576 --- [    Test worker] org.hibernate.SQL                        : 
    select
        u1_0.user_id,
        u1_0.login_id,
        u1_0.login_pw,
        u1_0.name,
        u1_0.reg_date,
        u1_0.school_category 
    from
        users u1_0 
    where
        u1_0.login_id=?
Hibernate: 
    select
        u1_0.user_id,
        u1_0.login_id,
        u1_0.login_pw,
        u1_0.name,
        u1_0.reg_date,
        u1_0.school_category 
    from
        users u1_0 
    where
        u1_0.login_id=?
2023-01-06T01:59:13.137+09:00 DEBUG 19576 --- [    Test worker] org.hibernate.SQL                        : 
    select
        a1_0.article_id,
        a1_0.body,
        a1_0.category,
        a1_0.reg_date,
        a1_0.status,
        a1_0.title,
        a1_0.user_id,
        a1_0.write_user 
    from
        article a1_0 
    where
        a1_0.title like ? 
    order by
        a1_0.article_id desc
Hibernate: 
    select
        a1_0.article_id,
        a1_0.body,
        a1_0.category,
        a1_0.reg_date,
        a1_0.status,
        a1_0.title,
        a1_0.user_id,
        a1_0.write_user 
    from
        article a1_0 
    where
        a1_0.title like ? 
    order by
        a1_0.article_id desc
2023-01-06T01:59:13.139+09:00 DEBUG 19576 --- [    Test worker] org.hibernate.SQL                        : 
    select
        next_val as id_val 
    from
        comment_seq for update
Hibernate: 
    select
        next_val as id_val 
    from
        comment_seq for update
2023-01-06T01:59:13.140+09:00 DEBUG 19576 --- [    Test worker] org.hibernate.SQL                        : 
    update
        comment_seq 
    set
        next_val= ? 
    where
        next_val=?
Hibernate: 
    update
        comment_seq 
    set
        next_val= ? 
    where
        next_val=?
2023-01-06T01:59:13.147+09:00 DEBUG 19576 --- [    Test worker] org.hibernate.SQL                        : 
    insert 
    into
        users
        (login_id, login_pw, name, reg_date, school_category, user_id) 
    values
        (?, ?, ?, ?, ?, ?)
Hibernate: 
    insert 
    into
        users
        (login_id, login_pw, name, reg_date, school_category, user_id) 
    values
        (?, ?, ?, ?, ?, ?)
2023-01-06T01:59:13.148+09:00 DEBUG 19576 --- [    Test worker] org.hibernate.SQL                        : 
    insert 
    into
        article
        (body, category, reg_date, status, title, user_id, write_user, article_id) 
    values
        (?, ?, ?, ?, ?, ?, ?, ?)
Hibernate: 
    insert 
    into
        article
        (body, category, reg_date, status, title, user_id, write_user, article_id) 
    values
        (?, ?, ?, ?, ?, ?, ?, ?)
2023-01-06T01:59:13.150+09:00 DEBUG 19576 --- [    Test worker] org.hibernate.SQL                        : 
    insert 
    into
        comment
        (article_article_id, article_id, body, parent_id, ref, ref_order, reg_date, step, user_user_id, write_user, id) 
    values
        (?, ?, ?, ?, ?, ?, ?, ?, ?, ?, ?)
Hibernate: 
    insert 
    into
        comment
        (article_article_id, article_id, body, parent_id, ref, ref_order, reg_date, step, user_user_id, write_user, id) 
    values
        (?, ?, ?, ?, ?, ?, ?, ?, ?, ?, ?)
2023-01-06T01:59:13.151+09:00 DEBUG 19576 --- [    Test worker] org.hibernate.SQL                        : 
    select
        c1_0.id,
        c1_0.article_article_id,
        c1_0.article_id,
        c1_0.body,
        c1_0.parent_id,
        c1_0.ref,
        c1_0.ref_order,
        c1_0.reg_date,
        c1_0.step,
        c1_0.user_user_id,
        c1_0.write_user 
    from
        comment c1_0 
    where
        c1_0.article_id=? 
    order by
        c1_0.ref desc,
        c1_0.ref_order asc
Hibernate: 
    select
        c1_0.id,
        c1_0.article_article_id,
        c1_0.article_id,
        c1_0.body,
        c1_0.parent_id,
        c1_0.ref,
        c1_0.ref_order,
        c1_0.reg_date,
        c1_0.step,
        c1_0.user_user_id,
        c1_0.write_user 
    from
        comment c1_0 
    where
        c1_0.article_id=? 
    order by
        c1_0.ref desc,
        c1_0.ref_order asc
2023-01-06T01:59:13.161+09:00 DEBUG 19576 --- [    Test worker] org.hibernate.SQL                        : 
    select
        u1_0.user_id,
        u1_0.login_id,
        u1_0.login_pw,
        u1_0.name,
        u1_0.reg_date,
        u1_0.school_category 
    from
        users u1_0 
    where
        u1_0.login_id=?
Hibernate: 
    select
        u1_0.user_id,
        u1_0.login_id,
        u1_0.login_pw,
        u1_0.name,
        u1_0.reg_date,
        u1_0.school_category 
    from
        users u1_0 
    where
        u1_0.login_id=?
2023-01-06T01:59:13.163+09:00 DEBUG 19576 --- [    Test worker] org.hibernate.SQL                        : 
    select
        a1_0.article_id,
        a1_0.body,
        a1_0.category,
        a1_0.reg_date,
        a1_0.status,
        a1_0.title,
        a1_0.user_id,
        a1_0.write_user 
    from
        article a1_0 
    where
        a1_0.title like ? 
    order by
        a1_0.article_id desc
Hibernate: 
    select
        a1_0.article_id,
        a1_0.body,
        a1_0.category,
        a1_0.reg_date,
        a1_0.status,
        a1_0.title,
        a1_0.user_id,
        a1_0.write_user 
    from
        article a1_0 
    where
        a1_0.title like ? 
    order by
        a1_0.article_id desc
2023-01-06T01:59:13.166+09:00 DEBUG 19576 --- [    Test worker] org.hibernate.SQL                        : 
    insert 
    into
        users
        (login_id, login_pw, name, reg_date, school_category, user_id) 
    values
        (?, ?, ?, ?, ?, ?)
Hibernate: 
    insert 
    into
        users
        (login_id, login_pw, name, reg_date, school_category, user_id) 
    values
        (?, ?, ?, ?, ?, ?)
2023-01-06T01:59:13.167+09:00 DEBUG 19576 --- [    Test worker] org.hibernate.SQL                        : 
    insert 
    into
        article
        (body, category, reg_date, status, title, user_id, write_user, article_id) 
    values
        (?, ?, ?, ?, ?, ?, ?, ?)
Hibernate: 
    insert 
    into
        article
        (body, category, reg_date, status, title, user_id, write_user, article_id) 
    values
        (?, ?, ?, ?, ?, ?, ?, ?)
2023-01-06T01:59:13.168+09:00 DEBUG 19576 --- [    Test worker] org.hibernate.SQL                        : 
    insert 
    into
        comment
        (article_article_id, article_id, body, parent_id, ref, ref_order, reg_date, step, user_user_id, write_user, id) 
    values
        (?, ?, ?, ?, ?, ?, ?, ?, ?, ?, ?)
Hibernate: 
    insert 
    into
        comment
        (article_article_id, article_id, body, parent_id, ref, ref_order, reg_date, step, user_user_id, write_user, id) 
    values
        (?, ?, ?, ?, ?, ?, ?, ?, ?, ?, ?)
2023-01-06T01:59:13.170+09:00 DEBUG 19576 --- [    Test worker] org.hibernate.SQL                        : 
    update
        comment 
    set
        article_article_id=?,
        article_id=?,
        body=?,
        parent_id=?,
        ref=?,
        ref_order=?,
        reg_date=?,
        step=?,
        user_user_id=?,
        write_user=? 
    where
        id=?
Hibernate: 
    update
        comment 
    set
        article_article_id=?,
        article_id=?,
        body=?,
        parent_id=?,
        ref=?,
        ref_order=?,
        reg_date=?,
        step=?,
        user_user_id=?,
        write_user=? 
    where
        id=?
2023-01-06T01:59:13.180+09:00 DEBUG 19576 --- [    Test worker] org.hibernate.SQL                        : 
    select
        u1_0.user_id,
        u1_0.login_id,
        u1_0.login_pw,
        u1_0.name,
        u1_0.reg_date,
        u1_0.school_category 
    from
        users u1_0 
    where
        u1_0.login_id=?
Hibernate: 
    select
        u1_0.user_id,
        u1_0.login_id,
        u1_0.login_pw,
        u1_0.name,
        u1_0.reg_date,
        u1_0.school_category 
    from
        users u1_0 
    where
        u1_0.login_id=?
2023-01-06T01:59:13.182+09:00 DEBUG 19576 --- [    Test worker] org.hibernate.SQL                        : 
    select
        a1_0.article_id,
        a1_0.body,
        a1_0.category,
        a1_0.reg_date,
        a1_0.status,
        a1_0.title,
        a1_0.user_id,
        a1_0.write_user 
    from
        article a1_0 
    where
        a1_0.title like ? 
    order by
        a1_0.article_id desc
Hibernate: 
    select
        a1_0.article_id,
        a1_0.body,
        a1_0.category,
        a1_0.reg_date,
        a1_0.status,
        a1_0.title,
        a1_0.user_id,
        a1_0.write_user 
    from
        article a1_0 
    where
        a1_0.title like ? 
    order by
        a1_0.article_id desc
2023-01-06T01:59:13.187+09:00 DEBUG 19576 --- [    Test worker] org.hibernate.SQL                        : 
    insert 
    into
        users
        (login_id, login_pw, name, reg_date, school_category, user_id) 
    values
        (?, ?, ?, ?, ?, ?)
Hibernate: 
    insert 
    into
        users
        (login_id, login_pw, name, reg_date, school_category, user_id) 
    values
        (?, ?, ?, ?, ?, ?)
2023-01-06T01:59:13.188+09:00 DEBUG 19576 --- [    Test worker] org.hibernate.SQL                        : 
    insert 
    into
        article
        (body, category, reg_date, status, title, user_id, write_user, article_id) 
    values
        (?, ?, ?, ?, ?, ?, ?, ?)
Hibernate: 
    insert 
    into
        article
        (body, category, reg_date, status, title, user_id, write_user, article_id) 
    values
        (?, ?, ?, ?, ?, ?, ?, ?)
2023-01-06T01:59:13.190+09:00 DEBUG 19576 --- [    Test worker] org.hibernate.SQL                        : 
    insert 
    into
        comment
        (article_article_id, article_id, body, parent_id, ref, ref_order, reg_date, step, user_user_id, write_user, id) 
    values
        (?, ?, ?, ?, ?, ?, ?, ?, ?, ?, ?)
Hibernate: 
    insert 
    into
        comment
        (article_article_id, article_id, body, parent_id, ref, ref_order, reg_date, step, user_user_id, write_user, id) 
    values
        (?, ?, ?, ?, ?, ?, ?, ?, ?, ?, ?)
2023-01-06T01:59:13.191+09:00 DEBUG 19576 --- [    Test worker] org.hibernate.SQL                        : 
    select
        c1_0.id,
        c1_0.article_article_id,
        c1_0.article_id,
        c1_0.body,
        c1_0.parent_id,
        c1_0.ref,
        c1_0.ref_order,
        c1_0.reg_date,
        c1_0.step,
        c1_0.user_user_id,
        c1_0.write_user 
    from
        comment c1_0
Hibernate: 
    select
        c1_0.id,
        c1_0.article_article_id,
        c1_0.article_id,
        c1_0.body,
        c1_0.parent_id,
        c1_0.ref,
        c1_0.ref_order,
        c1_0.reg_date,
        c1_0.step,
        c1_0.user_user_id,
        c1_0.write_user 
    from
        comment c1_0
]]></system-out>
  <system-err><![CDATA[]]></system-err>
</testsuite>
