<?xml version="1.0" encoding="UTF-8"?>
<testsuite name="YSIT.YSit.service.VideoToolServiceTest" tests="2" skipped="0" failures="0" errors="0" timestamp="2023-01-07T05:29:58" hostname="DESKTOP-LFB9EBL" time="0.03">
  <properties/>
  <testcase name="saveTest" classname="YSIT.YSit.service.VideoToolServiceTest" time="0.012"/>
  <testcase name="findByNameTest" classname="YSIT.YSit.service.VideoToolServiceTest" time="0.017"/>
  <system-out><![CDATA[2023-01-07T14:29:58.236+09:00  INFO 5684 --- [    Test worker] t.c.s.AnnotationConfigContextLoaderUtils : Could not detect default configuration classes for test class [YSIT.YSit.service.VideoToolServiceTest]: VideoToolServiceTest does not declare any static, non-private, non-final, nested classes annotated with @Configuration.
2023-01-07T14:29:58.237+09:00  INFO 5684 --- [    Test worker] .b.t.c.SpringBootTestContextBootstrapper : Found @SpringBootConfiguration YSIT.YSit.YSitApplication for test class YSIT.YSit.service.VideoToolServiceTest
2023-01-07T14:29:58.243+09:00 DEBUG 5684 --- [    Test worker] org.hibernate.SQL                        : 
    select
        next_val as id_val 
    from
        video_tool_seq for update
Hibernate: 
    select
        next_val as id_val 
    from
        video_tool_seq for update
2023-01-07T14:29:58.245+09:00 DEBUG 5684 --- [    Test worker] org.hibernate.SQL                        : 
    update
        video_tool_seq 
    set
        next_val= ? 
    where
        next_val=?
Hibernate: 
    update
        video_tool_seq 
    set
        next_val= ? 
    where
        next_val=?
2023-01-07T14:29:58.255+09:00 DEBUG 5684 --- [    Test worker] org.hibernate.SQL                        : 
    select
        next_val as id_val 
    from
        video_tool_seq for update
Hibernate: 
    select
        next_val as id_val 
    from
        video_tool_seq for update
2023-01-07T14:29:58.256+09:00 DEBUG 5684 --- [    Test worker] org.hibernate.SQL                        : 
    update
        video_tool_seq 
    set
        next_val= ? 
    where
        next_val=?
Hibernate: 
    update
        video_tool_seq 
    set
        next_val= ? 
    where
        next_val=?
2023-01-07T14:29:58.262+09:00 DEBUG 5684 --- [    Test worker] org.hibernate.SQL                        : 
    insert 
    into
        video_tool
        (admin_id, max_quantity, name, quantity, reg_date, video_tool_id) 
    values
        (?, ?, ?, ?, ?, ?)
Hibernate: 
    insert 
    into
        video_tool
        (admin_id, max_quantity, name, quantity, reg_date, video_tool_id) 
    values
        (?, ?, ?, ?, ?, ?)
2023-01-07T14:29:58.264+09:00 DEBUG 5684 --- [    Test worker] org.hibernate.SQL                        : 
    select
        v1_0.video_tool_id,
        v1_0.admin_id,
        v1_0.max_quantity,
        v1_0.name,
        v1_0.quantity,
        v1_0.reg_date 
    from
        video_tool v1_0 
    where
        v1_0.name like ?
Hibernate: 
    select
        v1_0.video_tool_id,
        v1_0.admin_id,
        v1_0.max_quantity,
        v1_0.name,
        v1_0.quantity,
        v1_0.reg_date 
    from
        video_tool v1_0 
    where
        v1_0.name like ?
]]></system-out>
  <system-err><![CDATA[]]></system-err>
</testsuite>
