<?xml version="1.0" encoding="UTF-8"?>
<testsuite name="YSIT.YSit.service.ArticleServiceTest" tests="5" skipped="0" failures="0" errors="0" timestamp="2023-01-07T09:07:03" hostname="DESKTOP-LFB9EBL" time="0.109">
  <properties/>
  <testcase name="saveTest" classname="YSIT.YSit.service.ArticleServiceTest" time="0.036"/>
  <testcase name="articleUpdateTest" classname="YSIT.YSit.service.ArticleServiceTest" time="0.025"/>
  <testcase name="findByLoginIdTest" classname="YSIT.YSit.service.ArticleServiceTest" time="0.018"/>
  <testcase name="findByTitle" classname="YSIT.YSit.service.ArticleServiceTest" time="0.014"/>
  <testcase name="deleteTest" classname="YSIT.YSit.service.ArticleServiceTest" time="0.013"/>
  <system-out><![CDATA[2023-01-07T18:07:03.467+09:00  INFO 5384 --- [    Test worker] t.c.s.AnnotationConfigContextLoaderUtils : Could not detect default configuration classes for test class [YSIT.YSit.service.ArticleServiceTest]: ArticleServiceTest does not declare any static, non-private, non-final, nested classes annotated with @Configuration.
2023-01-07T18:07:03.469+09:00  INFO 5384 --- [    Test worker] .b.t.c.SpringBootTestContextBootstrapper : Found @SpringBootConfiguration YSIT.YSit.YSitApplication for test class YSIT.YSit.service.ArticleServiceTest
2023-01-07T18:07:03.476+09:00 DEBUG 5384 --- [    Test worker] org.hibernate.SQL                        : 
    select
        u1_0.user_id,
        u1_0.login_id,
        u1_0.login_pw,
        u1_0.name,
        u1_0.reg_date,
        u1_0.school_category 
    from
        users u1_0 
    where
        u1_0.login_id=?
Hibernate: 
    select
        u1_0.user_id,
        u1_0.login_id,
        u1_0.login_pw,
        u1_0.name,
        u1_0.reg_date,
        u1_0.school_category 
    from
        users u1_0 
    where
        u1_0.login_id=?
2023-01-07T18:07:03.479+09:00 DEBUG 5384 --- [    Test worker] org.hibernate.SQL                        : 
    select
        next_val as id_val 
    from
        users_seq for update
Hibernate: 
    select
        next_val as id_val 
    from
        users_seq for update
2023-01-07T18:07:03.480+09:00 DEBUG 5384 --- [    Test worker] org.hibernate.SQL                        : 
    update
        users_seq 
    set
        next_val= ? 
    where
        next_val=?
Hibernate: 
    update
        users_seq 
    set
        next_val= ? 
    where
        next_val=?
2023-01-07T18:07:03.497+09:00 DEBUG 5384 --- [    Test worker] org.hibernate.SQL                        : 
    select
        a1_0.article_id,
        a1_0.body,
        a1_0.category,
        a1_0.reg_date,
        a1_0.status,
        a1_0.title,
        a1_0.user_id,
        a1_0.write_user 
    from
        article a1_0 
    where
        a1_0.title like ? 
    order by
        a1_0.article_id desc
Hibernate: 
    select
        a1_0.article_id,
        a1_0.body,
        a1_0.category,
        a1_0.reg_date,
        a1_0.status,
        a1_0.title,
        a1_0.user_id,
        a1_0.write_user 
    from
        article a1_0 
    where
        a1_0.title like ? 
    order by
        a1_0.article_id desc
2023-01-07T18:07:03.500+09:00 DEBUG 5384 --- [    Test worker] org.hibernate.SQL                        : 
    select
        next_val as id_val 
    from
        article_seq for update
Hibernate: 
    select
        next_val as id_val 
    from
        article_seq for update
2023-01-07T18:07:03.501+09:00 DEBUG 5384 --- [    Test worker] org.hibernate.SQL                        : 
    update
        article_seq 
    set
        next_val= ? 
    where
        next_val=?
Hibernate: 
    update
        article_seq 
    set
        next_val= ? 
    where
        next_val=?
2023-01-07T18:07:03.511+09:00 DEBUG 5384 --- [    Test worker] org.hibernate.SQL                        : 
    select
        u1_0.user_id,
        u1_0.login_id,
        u1_0.login_pw,
        u1_0.name,
        u1_0.reg_date,
        u1_0.school_category 
    from
        users u1_0 
    where
        u1_0.login_id=?
Hibernate: 
    select
        u1_0.user_id,
        u1_0.login_id,
        u1_0.login_pw,
        u1_0.name,
        u1_0.reg_date,
        u1_0.school_category 
    from
        users u1_0 
    where
        u1_0.login_id=?
2023-01-07T18:07:03.513+09:00 DEBUG 5384 --- [    Test worker] org.hibernate.SQL                        : 
    select
        next_val as id_val 
    from
        users_seq for update
Hibernate: 
    select
        next_val as id_val 
    from
        users_seq for update
2023-01-07T18:07:03.513+09:00 DEBUG 5384 --- [    Test worker] org.hibernate.SQL                        : 
    update
        users_seq 
    set
        next_val= ? 
    where
        next_val=?
Hibernate: 
    update
        users_seq 
    set
        next_val= ? 
    where
        next_val=?
2023-01-07T18:07:03.517+09:00 DEBUG 5384 --- [    Test worker] org.hibernate.SQL                        : 
    select
        a1_0.article_id,
        a1_0.body,
        a1_0.category,
        a1_0.reg_date,
        a1_0.status,
        a1_0.title,
        a1_0.user_id,
        a1_0.write_user 
    from
        article a1_0 
    where
        a1_0.title like ? 
    order by
        a1_0.article_id desc
Hibernate: 
    select
        a1_0.article_id,
        a1_0.body,
        a1_0.category,
        a1_0.reg_date,
        a1_0.status,
        a1_0.title,
        a1_0.user_id,
        a1_0.write_user 
    from
        article a1_0 
    where
        a1_0.title like ? 
    order by
        a1_0.article_id desc
2023-01-07T18:07:03.518+09:00 DEBUG 5384 --- [    Test worker] org.hibernate.SQL                        : 
    select
        next_val as id_val 
    from
        article_seq for update
Hibernate: 
    select
        next_val as id_val 
    from
        article_seq for update
2023-01-07T18:07:03.519+09:00 DEBUG 5384 --- [    Test worker] org.hibernate.SQL                        : 
    update
        article_seq 
    set
        next_val= ? 
    where
        next_val=?
Hibernate: 
    update
        article_seq 
    set
        next_val= ? 
    where
        next_val=?
2023-01-07T18:07:03.524+09:00 DEBUG 5384 --- [    Test worker] org.hibernate.SQL                        : 
    insert 
    into
        users
        (login_id, login_pw, name, reg_date, school_category, user_id) 
    values
        (?, ?, ?, ?, ?, ?)
Hibernate: 
    insert 
    into
        users
        (login_id, login_pw, name, reg_date, school_category, user_id) 
    values
        (?, ?, ?, ?, ?, ?)
2023-01-07T18:07:03.527+09:00 DEBUG 5384 --- [    Test worker] org.hibernate.SQL                        : 
    insert 
    into
        article
        (body, category, reg_date, status, title, user_id, write_user, article_id) 
    values
        (?, ?, ?, ?, ?, ?, ?, ?)
Hibernate: 
    insert 
    into
        article
        (body, category, reg_date, status, title, user_id, write_user, article_id) 
    values
        (?, ?, ?, ?, ?, ?, ?, ?)
2023-01-07T18:07:03.529+09:00 DEBUG 5384 --- [    Test worker] org.hibernate.SQL                        : 
    update
        article 
    set
        body=?,
        category=?,
        reg_date=?,
        status=?,
        title=?,
        user_id=?,
        write_user=? 
    where
        article_id=?
Hibernate: 
    update
        article 
    set
        body=?,
        category=?,
        reg_date=?,
        status=?,
        title=?,
        user_id=?,
        write_user=? 
    where
        article_id=?
2023-01-07T18:07:03.538+09:00 DEBUG 5384 --- [    Test worker] org.hibernate.SQL                        : 
    select
        u1_0.user_id,
        u1_0.login_id,
        u1_0.login_pw,
        u1_0.name,
        u1_0.reg_date,
        u1_0.school_category 
    from
        users u1_0 
    where
        u1_0.login_id=?
Hibernate: 
    select
        u1_0.user_id,
        u1_0.login_id,
        u1_0.login_pw,
        u1_0.name,
        u1_0.reg_date,
        u1_0.school_category 
    from
        users u1_0 
    where
        u1_0.login_id=?
2023-01-07T18:07:03.540+09:00 DEBUG 5384 --- [    Test worker] org.hibernate.SQL                        : 
    select
        a1_0.article_id,
        a1_0.body,
        a1_0.category,
        a1_0.reg_date,
        a1_0.status,
        a1_0.title,
        a1_0.user_id,
        a1_0.write_user 
    from
        article a1_0 
    where
        a1_0.title like ? 
    order by
        a1_0.article_id desc
Hibernate: 
    select
        a1_0.article_id,
        a1_0.body,
        a1_0.category,
        a1_0.reg_date,
        a1_0.status,
        a1_0.title,
        a1_0.user_id,
        a1_0.write_user 
    from
        article a1_0 
    where
        a1_0.title like ? 
    order by
        a1_0.article_id desc
2023-01-07T18:07:03.545+09:00 DEBUG 5384 --- [    Test worker] org.hibernate.SQL                        : 
    insert 
    into
        users
        (login_id, login_pw, name, reg_date, school_category, user_id) 
    values
        (?, ?, ?, ?, ?, ?)
Hibernate: 
    insert 
    into
        users
        (login_id, login_pw, name, reg_date, school_category, user_id) 
    values
        (?, ?, ?, ?, ?, ?)
2023-01-07T18:07:03.546+09:00 DEBUG 5384 --- [    Test worker] org.hibernate.SQL                        : 
    insert 
    into
        article
        (body, category, reg_date, status, title, user_id, write_user, article_id) 
    values
        (?, ?, ?, ?, ?, ?, ?, ?)
Hibernate: 
    insert 
    into
        article
        (body, category, reg_date, status, title, user_id, write_user, article_id) 
    values
        (?, ?, ?, ?, ?, ?, ?, ?)
2023-01-07T18:07:03.547+09:00 DEBUG 5384 --- [    Test worker] org.hibernate.SQL                        : 
    select
        a1_0.article_id,
        a1_0.body,
        a1_0.category,
        a1_0.reg_date,
        a1_0.status,
        a1_0.title,
        a1_0.user_id,
        a1_0.write_user 
    from
        article a1_0 
    where
        a1_0.write_user=? 
    order by
        a1_0.article_id desc
Hibernate: 
    select
        a1_0.article_id,
        a1_0.body,
        a1_0.category,
        a1_0.reg_date,
        a1_0.status,
        a1_0.title,
        a1_0.user_id,
        a1_0.write_user 
    from
        article a1_0 
    where
        a1_0.write_user=? 
    order by
        a1_0.article_id desc
2023-01-07T18:07:03.556+09:00 DEBUG 5384 --- [    Test worker] org.hibernate.SQL                        : 
    select
        u1_0.user_id,
        u1_0.login_id,
        u1_0.login_pw,
        u1_0.name,
        u1_0.reg_date,
        u1_0.school_category 
    from
        users u1_0 
    where
        u1_0.login_id=?
Hibernate: 
    select
        u1_0.user_id,
        u1_0.login_id,
        u1_0.login_pw,
        u1_0.name,
        u1_0.reg_date,
        u1_0.school_category 
    from
        users u1_0 
    where
        u1_0.login_id=?
2023-01-07T18:07:03.557+09:00 DEBUG 5384 --- [    Test worker] org.hibernate.SQL                        : 
    select
        a1_0.article_id,
        a1_0.body,
        a1_0.category,
        a1_0.reg_date,
        a1_0.status,
        a1_0.title,
        a1_0.user_id,
        a1_0.write_user 
    from
        article a1_0 
    where
        a1_0.title like ? 
    order by
        a1_0.article_id desc
Hibernate: 
    select
        a1_0.article_id,
        a1_0.body,
        a1_0.category,
        a1_0.reg_date,
        a1_0.status,
        a1_0.title,
        a1_0.user_id,
        a1_0.write_user 
    from
        article a1_0 
    where
        a1_0.title like ? 
    order by
        a1_0.article_id desc
2023-01-07T18:07:03.560+09:00 DEBUG 5384 --- [    Test worker] org.hibernate.SQL                        : 
    insert 
    into
        users
        (login_id, login_pw, name, reg_date, school_category, user_id) 
    values
        (?, ?, ?, ?, ?, ?)
Hibernate: 
    insert 
    into
        users
        (login_id, login_pw, name, reg_date, school_category, user_id) 
    values
        (?, ?, ?, ?, ?, ?)
2023-01-07T18:07:03.561+09:00 DEBUG 5384 --- [    Test worker] org.hibernate.SQL                        : 
    insert 
    into
        article
        (body, category, reg_date, status, title, user_id, write_user, article_id) 
    values
        (?, ?, ?, ?, ?, ?, ?, ?)
Hibernate: 
    insert 
    into
        article
        (body, category, reg_date, status, title, user_id, write_user, article_id) 
    values
        (?, ?, ?, ?, ?, ?, ?, ?)
2023-01-07T18:07:03.562+09:00 DEBUG 5384 --- [    Test worker] org.hibernate.SQL                        : 
    select
        a1_0.article_id,
        a1_0.body,
        a1_0.category,
        a1_0.reg_date,
        a1_0.status,
        a1_0.title,
        a1_0.user_id,
        a1_0.write_user 
    from
        article a1_0 
    where
        a1_0.title like ? 
    order by
        a1_0.article_id desc
Hibernate: 
    select
        a1_0.article_id,
        a1_0.body,
        a1_0.category,
        a1_0.reg_date,
        a1_0.status,
        a1_0.title,
        a1_0.user_id,
        a1_0.write_user 
    from
        article a1_0 
    where
        a1_0.title like ? 
    order by
        a1_0.article_id desc
2023-01-07T18:07:03.571+09:00 DEBUG 5384 --- [    Test worker] org.hibernate.SQL                        : 
    select
        u1_0.user_id,
        u1_0.login_id,
        u1_0.login_pw,
        u1_0.name,
        u1_0.reg_date,
        u1_0.school_category 
    from
        users u1_0 
    where
        u1_0.login_id=?
Hibernate: 
    select
        u1_0.user_id,
        u1_0.login_id,
        u1_0.login_pw,
        u1_0.name,
        u1_0.reg_date,
        u1_0.school_category 
    from
        users u1_0 
    where
        u1_0.login_id=?
2023-01-07T18:07:03.573+09:00 DEBUG 5384 --- [    Test worker] org.hibernate.SQL                        : 
    select
        a1_0.article_id,
        a1_0.body,
        a1_0.category,
        a1_0.reg_date,
        a1_0.status,
        a1_0.title,
        a1_0.user_id,
        a1_0.write_user 
    from
        article a1_0 
    where
        a1_0.title like ? 
    order by
        a1_0.article_id desc
Hibernate: 
    select
        a1_0.article_id,
        a1_0.body,
        a1_0.category,
        a1_0.reg_date,
        a1_0.status,
        a1_0.title,
        a1_0.user_id,
        a1_0.write_user 
    from
        article a1_0 
    where
        a1_0.title like ? 
    order by
        a1_0.article_id desc
]]></system-out>
  <system-err><![CDATA[]]></system-err>
</testsuite>
