<?xml version="1.0" encoding="UTF-8"?>
<testsuite name="YSIT.YSit.service.CommentServiceTest" tests="4" skipped="0" failures="0" errors="0" timestamp="2023-01-07T09:07:03" hostname="DESKTOP-LFB9EBL" time="0.074">
  <properties/>
  <testcase name="saveTest" classname="YSIT.YSit.service.CommentServiceTest" time="0.015"/>
  <testcase name="findByArtTest" classname="YSIT.YSit.service.CommentServiceTest" time="0.023"/>
  <testcase name="deleteComment" classname="YSIT.YSit.service.CommentServiceTest" time="0.017"/>
  <testcase name="getMaxRefTest" classname="YSIT.YSit.service.CommentServiceTest" time="0.017"/>
  <system-out><![CDATA[2023-01-07T18:07:03.584+09:00  INFO 5384 --- [    Test worker] t.c.s.AnnotationConfigContextLoaderUtils : Could not detect default configuration classes for test class [YSIT.YSit.service.CommentServiceTest]: CommentServiceTest does not declare any static, non-private, non-final, nested classes annotated with @Configuration.
2023-01-07T18:07:03.585+09:00  INFO 5384 --- [    Test worker] .b.t.c.SpringBootTestContextBootstrapper : Found @SpringBootConfiguration YSIT.YSit.YSitApplication for test class YSIT.YSit.service.CommentServiceTest
2023-01-07T18:07:03.592+09:00 DEBUG 5384 --- [    Test worker] org.hibernate.SQL                        : 
    select
        u1_0.user_id,
        u1_0.login_id,
        u1_0.login_pw,
        u1_0.name,
        u1_0.reg_date,
        u1_0.school_category 
    from
        users u1_0 
    where
        u1_0.login_id=?
Hibernate: 
    select
        u1_0.user_id,
        u1_0.login_id,
        u1_0.login_pw,
        u1_0.name,
        u1_0.reg_date,
        u1_0.school_category 
    from
        users u1_0 
    where
        u1_0.login_id=?
2023-01-07T18:07:03.594+09:00 DEBUG 5384 --- [    Test worker] org.hibernate.SQL                        : 
    select
        a1_0.article_id,
        a1_0.body,
        a1_0.category,
        a1_0.reg_date,
        a1_0.status,
        a1_0.title,
        a1_0.user_id,
        a1_0.write_user 
    from
        article a1_0 
    where
        a1_0.title like ? 
    order by
        a1_0.article_id desc
Hibernate: 
    select
        a1_0.article_id,
        a1_0.body,
        a1_0.category,
        a1_0.reg_date,
        a1_0.status,
        a1_0.title,
        a1_0.user_id,
        a1_0.write_user 
    from
        article a1_0 
    where
        a1_0.title like ? 
    order by
        a1_0.article_id desc
2023-01-07T18:07:03.596+09:00 DEBUG 5384 --- [    Test worker] org.hibernate.SQL                        : 
    select
        next_val as id_val 
    from
        comment_seq for update
Hibernate: 
    select
        next_val as id_val 
    from
        comment_seq for update
2023-01-07T18:07:03.597+09:00 DEBUG 5384 --- [    Test worker] org.hibernate.SQL                        : 
    update
        comment_seq 
    set
        next_val= ? 
    where
        next_val=?
Hibernate: 
    update
        comment_seq 
    set
        next_val= ? 
    where
        next_val=?
2023-01-07T18:07:03.606+09:00 DEBUG 5384 --- [    Test worker] org.hibernate.SQL                        : 
    select
        u1_0.user_id,
        u1_0.login_id,
        u1_0.login_pw,
        u1_0.name,
        u1_0.reg_date,
        u1_0.school_category 
    from
        users u1_0 
    where
        u1_0.login_id=?
Hibernate: 
    select
        u1_0.user_id,
        u1_0.login_id,
        u1_0.login_pw,
        u1_0.name,
        u1_0.reg_date,
        u1_0.school_category 
    from
        users u1_0 
    where
        u1_0.login_id=?
2023-01-07T18:07:03.607+09:00 DEBUG 5384 --- [    Test worker] org.hibernate.SQL                        : 
    select
        a1_0.article_id,
        a1_0.body,
        a1_0.category,
        a1_0.reg_date,
        a1_0.status,
        a1_0.title,
        a1_0.user_id,
        a1_0.write_user 
    from
        article a1_0 
    where
        a1_0.title like ? 
    order by
        a1_0.article_id desc
Hibernate: 
    select
        a1_0.article_id,
        a1_0.body,
        a1_0.category,
        a1_0.reg_date,
        a1_0.status,
        a1_0.title,
        a1_0.user_id,
        a1_0.write_user 
    from
        article a1_0 
    where
        a1_0.title like ? 
    order by
        a1_0.article_id desc
2023-01-07T18:07:03.610+09:00 DEBUG 5384 --- [    Test worker] org.hibernate.SQL                        : 
    select
        next_val as id_val 
    from
        comment_seq for update
Hibernate: 
    select
        next_val as id_val 
    from
        comment_seq for update
2023-01-07T18:07:03.611+09:00 DEBUG 5384 --- [    Test worker] org.hibernate.SQL                        : 
    update
        comment_seq 
    set
        next_val= ? 
    where
        next_val=?
Hibernate: 
    update
        comment_seq 
    set
        next_val= ? 
    where
        next_val=?
2023-01-07T18:07:03.617+09:00 DEBUG 5384 --- [    Test worker] org.hibernate.SQL                        : 
    insert 
    into
        users
        (login_id, login_pw, name, reg_date, school_category, user_id) 
    values
        (?, ?, ?, ?, ?, ?)
Hibernate: 
    insert 
    into
        users
        (login_id, login_pw, name, reg_date, school_category, user_id) 
    values
        (?, ?, ?, ?, ?, ?)
2023-01-07T18:07:03.619+09:00 DEBUG 5384 --- [    Test worker] org.hibernate.SQL                        : 
    insert 
    into
        article
        (body, category, reg_date, status, title, user_id, write_user, article_id) 
    values
        (?, ?, ?, ?, ?, ?, ?, ?)
Hibernate: 
    insert 
    into
        article
        (body, category, reg_date, status, title, user_id, write_user, article_id) 
    values
        (?, ?, ?, ?, ?, ?, ?, ?)
2023-01-07T18:07:03.620+09:00 DEBUG 5384 --- [    Test worker] org.hibernate.SQL                        : 
    insert 
    into
        comment
        (article_article_id, article_id, body, parent_id, ref, ref_order, reg_date, step, user_user_id, write_user, comment_id) 
    values
        (?, ?, ?, ?, ?, ?, ?, ?, ?, ?, ?)
Hibernate: 
    insert 
    into
        comment
        (article_article_id, article_id, body, parent_id, ref, ref_order, reg_date, step, user_user_id, write_user, comment_id) 
    values
        (?, ?, ?, ?, ?, ?, ?, ?, ?, ?, ?)
2023-01-07T18:07:03.621+09:00 DEBUG 5384 --- [    Test worker] org.hibernate.SQL                        : 
    select
        c1_0.comment_id,
        c1_0.article_article_id,
        c1_0.article_id,
        c1_0.body,
        c1_0.parent_id,
        c1_0.ref,
        c1_0.ref_order,
        c1_0.reg_date,
        c1_0.step,
        c1_0.user_user_id,
        c1_0.write_user 
    from
        comment c1_0 
    where
        c1_0.article_id=? 
    order by
        c1_0.ref desc,
        c1_0.ref_order asc
Hibernate: 
    select
        c1_0.comment_id,
        c1_0.article_article_id,
        c1_0.article_id,
        c1_0.body,
        c1_0.parent_id,
        c1_0.ref,
        c1_0.ref_order,
        c1_0.reg_date,
        c1_0.step,
        c1_0.user_user_id,
        c1_0.write_user 
    from
        comment c1_0 
    where
        c1_0.article_id=? 
    order by
        c1_0.ref desc,
        c1_0.ref_order asc
2023-01-07T18:07:03.629+09:00 DEBUG 5384 --- [    Test worker] org.hibernate.SQL                        : 
    select
        u1_0.user_id,
        u1_0.login_id,
        u1_0.login_pw,
        u1_0.name,
        u1_0.reg_date,
        u1_0.school_category 
    from
        users u1_0 
    where
        u1_0.login_id=?
Hibernate: 
    select
        u1_0.user_id,
        u1_0.login_id,
        u1_0.login_pw,
        u1_0.name,
        u1_0.reg_date,
        u1_0.school_category 
    from
        users u1_0 
    where
        u1_0.login_id=?
2023-01-07T18:07:03.631+09:00 DEBUG 5384 --- [    Test worker] org.hibernate.SQL                        : 
    select
        a1_0.article_id,
        a1_0.body,
        a1_0.category,
        a1_0.reg_date,
        a1_0.status,
        a1_0.title,
        a1_0.user_id,
        a1_0.write_user 
    from
        article a1_0 
    where
        a1_0.title like ? 
    order by
        a1_0.article_id desc
Hibernate: 
    select
        a1_0.article_id,
        a1_0.body,
        a1_0.category,
        a1_0.reg_date,
        a1_0.status,
        a1_0.title,
        a1_0.user_id,
        a1_0.write_user 
    from
        article a1_0 
    where
        a1_0.title like ? 
    order by
        a1_0.article_id desc
2023-01-07T18:07:03.634+09:00 DEBUG 5384 --- [    Test worker] org.hibernate.SQL                        : 
    insert 
    into
        users
        (login_id, login_pw, name, reg_date, school_category, user_id) 
    values
        (?, ?, ?, ?, ?, ?)
Hibernate: 
    insert 
    into
        users
        (login_id, login_pw, name, reg_date, school_category, user_id) 
    values
        (?, ?, ?, ?, ?, ?)
2023-01-07T18:07:03.636+09:00 DEBUG 5384 --- [    Test worker] org.hibernate.SQL                        : 
    insert 
    into
        article
        (body, category, reg_date, status, title, user_id, write_user, article_id) 
    values
        (?, ?, ?, ?, ?, ?, ?, ?)
Hibernate: 
    insert 
    into
        article
        (body, category, reg_date, status, title, user_id, write_user, article_id) 
    values
        (?, ?, ?, ?, ?, ?, ?, ?)
2023-01-07T18:07:03.637+09:00 DEBUG 5384 --- [    Test worker] org.hibernate.SQL                        : 
    insert 
    into
        comment
        (article_article_id, article_id, body, parent_id, ref, ref_order, reg_date, step, user_user_id, write_user, comment_id) 
    values
        (?, ?, ?, ?, ?, ?, ?, ?, ?, ?, ?)
Hibernate: 
    insert 
    into
        comment
        (article_article_id, article_id, body, parent_id, ref, ref_order, reg_date, step, user_user_id, write_user, comment_id) 
    values
        (?, ?, ?, ?, ?, ?, ?, ?, ?, ?, ?)
2023-01-07T18:07:03.639+09:00 DEBUG 5384 --- [    Test worker] org.hibernate.SQL                        : 
    update
        comment 
    set
        article_article_id=?,
        article_id=?,
        body=?,
        parent_id=?,
        ref=?,
        ref_order=?,
        reg_date=?,
        step=?,
        user_user_id=?,
        write_user=? 
    where
        comment_id=?
Hibernate: 
    update
        comment 
    set
        article_article_id=?,
        article_id=?,
        body=?,
        parent_id=?,
        ref=?,
        ref_order=?,
        reg_date=?,
        step=?,
        user_user_id=?,
        write_user=? 
    where
        comment_id=?
2023-01-07T18:07:03.647+09:00 DEBUG 5384 --- [    Test worker] org.hibernate.SQL                        : 
    select
        u1_0.user_id,
        u1_0.login_id,
        u1_0.login_pw,
        u1_0.name,
        u1_0.reg_date,
        u1_0.school_category 
    from
        users u1_0 
    where
        u1_0.login_id=?
Hibernate: 
    select
        u1_0.user_id,
        u1_0.login_id,
        u1_0.login_pw,
        u1_0.name,
        u1_0.reg_date,
        u1_0.school_category 
    from
        users u1_0 
    where
        u1_0.login_id=?
2023-01-07T18:07:03.649+09:00 DEBUG 5384 --- [    Test worker] org.hibernate.SQL                        : 
    select
        a1_0.article_id,
        a1_0.body,
        a1_0.category,
        a1_0.reg_date,
        a1_0.status,
        a1_0.title,
        a1_0.user_id,
        a1_0.write_user 
    from
        article a1_0 
    where
        a1_0.title like ? 
    order by
        a1_0.article_id desc
Hibernate: 
    select
        a1_0.article_id,
        a1_0.body,
        a1_0.category,
        a1_0.reg_date,
        a1_0.status,
        a1_0.title,
        a1_0.user_id,
        a1_0.write_user 
    from
        article a1_0 
    where
        a1_0.title like ? 
    order by
        a1_0.article_id desc
2023-01-07T18:07:03.653+09:00 DEBUG 5384 --- [    Test worker] org.hibernate.SQL                        : 
    insert 
    into
        users
        (login_id, login_pw, name, reg_date, school_category, user_id) 
    values
        (?, ?, ?, ?, ?, ?)
Hibernate: 
    insert 
    into
        users
        (login_id, login_pw, name, reg_date, school_category, user_id) 
    values
        (?, ?, ?, ?, ?, ?)
2023-01-07T18:07:03.655+09:00 DEBUG 5384 --- [    Test worker] org.hibernate.SQL                        : 
    insert 
    into
        article
        (body, category, reg_date, status, title, user_id, write_user, article_id) 
    values
        (?, ?, ?, ?, ?, ?, ?, ?)
Hibernate: 
    insert 
    into
        article
        (body, category, reg_date, status, title, user_id, write_user, article_id) 
    values
        (?, ?, ?, ?, ?, ?, ?, ?)
2023-01-07T18:07:03.656+09:00 DEBUG 5384 --- [    Test worker] org.hibernate.SQL                        : 
    insert 
    into
        comment
        (article_article_id, article_id, body, parent_id, ref, ref_order, reg_date, step, user_user_id, write_user, comment_id) 
    values
        (?, ?, ?, ?, ?, ?, ?, ?, ?, ?, ?)
Hibernate: 
    insert 
    into
        comment
        (article_article_id, article_id, body, parent_id, ref, ref_order, reg_date, step, user_user_id, write_user, comment_id) 
    values
        (?, ?, ?, ?, ?, ?, ?, ?, ?, ?, ?)
2023-01-07T18:07:03.658+09:00 DEBUG 5384 --- [    Test worker] org.hibernate.SQL                        : 
    select
        c1_0.comment_id,
        c1_0.article_article_id,
        c1_0.article_id,
        c1_0.body,
        c1_0.parent_id,
        c1_0.ref,
        c1_0.ref_order,
        c1_0.reg_date,
        c1_0.step,
        c1_0.user_user_id,
        c1_0.write_user 
    from
        comment c1_0
Hibernate: 
    select
        c1_0.comment_id,
        c1_0.article_article_id,
        c1_0.article_id,
        c1_0.body,
        c1_0.parent_id,
        c1_0.ref,
        c1_0.ref_order,
        c1_0.reg_date,
        c1_0.step,
        c1_0.user_user_id,
        c1_0.write_user 
    from
        comment c1_0
]]></system-out>
  <system-err><![CDATA[]]></system-err>
</testsuite>
